<?xml version="1.0" encoding="UTF-8"?>
<testsuite name="com.skeler.pulse.database.data.RoomBusinessComplianceProviderTest" tests="2" skipped="0" failures="0" errors="0" timestamp="2026-04-18T01:17:40.029Z" hostname="skeler" time="0.268">
  <properties/>
  <testcase name="observes persisted compliance updates" classname="com.skeler.pulse.database.data.RoomBusinessComplianceProviderTest" time="0.264"/>
  <testcase name="returns default status when no persisted compliance exists" classname="com.skeler.pulse.database.data.RoomBusinessComplianceProviderTest" time="0.004"/>
  <system-out><![CDATA[]]></system-out>
  <system-err><![CDATA[]]></system-err>
</testsuite>
