<?xml version="1.0" encoding="UTF-8"?>
<testsuite name="com.skeler.pulse.sync.data.HttpSyncTransportTest" tests="3" skipped="0" failures="0" errors="0" timestamp="2026-04-18T01:17:47.769Z" hostname="skeler" time="0.003">
  <properties/>
  <testcase name="maps retryable status codes" classname="com.skeler.pulse.sync.data.HttpSyncTransportTest" time="0.002"/>
  <testcase name="maps permanent status codes" classname="com.skeler.pulse.sync.data.HttpSyncTransportTest" time="0.001"/>
  <testcase name="maps success status codes" classname="com.skeler.pulse.sync.data.HttpSyncTransportTest" time="0.0"/>
  <system-out><![CDATA[]]></system-out>
  <system-err><![CDATA[]]></system-err>
</testsuite>
