<?xml version="1.0" encoding="UTF-8"?>
<testsuite name="com.skeler.pulse.sync.domain.MessageSyncOrchestratorTest" tests="4" skipped="0" failures="0" errors="0" timestamp="2026-04-18T01:17:47.793Z" hostname="skeler" time="0.116">
  <properties/>
  <testcase name="retryable failure schedules retry" classname="com.skeler.pulse.sync.domain.MessageSyncOrchestratorTest" time="0.109"/>
  <testcase name="successful sync clears retry metadata" classname="com.skeler.pulse.sync.domain.MessageSyncOrchestratorTest" time="0.002"/>
  <testcase name="successful compliance fetch persists status" classname="com.skeler.pulse.sync.domain.MessageSyncOrchestratorTest" time="0.001"/>
  <testcase name="retryable compliance fetch requests worker retry" classname="com.skeler.pulse.sync.domain.MessageSyncOrchestratorTest" time="0.003"/>
  <system-out><![CDATA[]]></system-out>
  <system-err><![CDATA[]]></system-err>
</testsuite>
