<?xml version="1.0" encoding="UTF-8"?>
<testsuite name="com.skeler.pulse.sync.data.HttpComplianceSyncTransportTest" tests="2" skipped="0" failures="0" errors="0" timestamp="2026-04-18T01:17:47.757Z" hostname="skeler" time="0.008">
  <properties/>
  <testcase name="maps retryable compliance status codes" classname="com.skeler.pulse.sync.data.HttpComplianceSyncTransportTest" time="0.007"/>
  <testcase name="maps permanent compliance status codes" classname="com.skeler.pulse.sync.data.HttpComplianceSyncTransportTest" time="0.001"/>
  <system-out><![CDATA[]]></system-out>
  <system-err><![CDATA[]]></system-err>
</testsuite>
