<?xml version="1.0" encoding="UTF-8"?>
<testsuite name="com.skeler.pulse.security.domain.DefaultSecureSessionNegotiatorTest" tests="2" skipped="0" failures="0" errors="0" timestamp="2026-04-18T01:17:43.720Z" hostname="skeler" time="0.137">
  <properties/>
  <testcase name="uses pqxdh when hardware backed capability is available" classname="com.skeler.pulse.security.domain.DefaultSecureSessionNegotiatorTest" time="0.131"/>
  <testcase name="falls back to x3dh when pqxdh is unavailable" classname="com.skeler.pulse.security.domain.DefaultSecureSessionNegotiatorTest" time="0.005"/>
  <system-out><![CDATA[]]></system-out>
  <system-err><![CDATA[]]></system-err>
</testsuite>
