<?xml version="1.0" encoding="UTF-8"?>
<testsuite name="com.skeler.pulse.security.domain.SecureMessageProtectorTest" tests="2" skipped="0" failures="0" errors="0" timestamp="2026-04-18T01:17:43.863Z" hostname="skeler" time="0.157">
  <properties/>
  <testcase name="fails when keystore is unavailable" classname="com.skeler.pulse.security.domain.SecureMessageProtectorTest" time="0.027"/>
  <testcase name="encrypts payload after successful negotiation" classname="com.skeler.pulse.security.domain.SecureMessageProtectorTest" time="0.129"/>
  <system-out><![CDATA[]]></system-out>
  <system-err><![CDATA[]]></system-err>
</testsuite>
