<?xml version="1.0" encoding="UTF-8"?>
<testsuite name="com.skeler.pulse.security.data.StaticBusinessComplianceProviderTest" tests="2" skipped="0" failures="0" errors="0" timestamp="2026-04-18T01:17:43.473Z" hostname="skeler" time="0.237">
  <properties/>
  <testcase name="falls back to default profile" classname="com.skeler.pulse.security.data.StaticBusinessComplianceProviderTest" time="0.188"/>
  <testcase name="returns configured profile for conversation" classname="com.skeler.pulse.security.data.StaticBusinessComplianceProviderTest" time="0.021"/>
  <system-out><![CDATA[]]></system-out>
  <system-err><![CDATA[]]></system-err>
</testsuite>
