<?xml version="1.0" encoding="UTF-8"?>
<testsuite name="com.skeler.pulse.messaging.ui.MessagingViewModelTest" tests="4" skipped="0" failures="0" errors="0" timestamp="2026-04-18T01:17:46.480Z" hostname="skeler" time="0.034">
  <properties/>
  <testcase name="load conversation preserves backoff sync state" classname="com.skeler.pulse.messaging.ui.MessagingViewModelTest" time="0.01"/>
  <testcase name="failed send keeps state available" classname="com.skeler.pulse.messaging.ui.MessagingViewModelTest" time="0.014"/>
  <testcase name="draft change updates state" classname="com.skeler.pulse.messaging.ui.MessagingViewModelTest" time="0.003"/>
  <testcase name="load conversation requests refresh" classname="com.skeler.pulse.messaging.ui.MessagingViewModelTest" time="0.006"/>
  <system-out><![CDATA[]]></system-out>
  <system-err><![CDATA[]]></system-err>
</testsuite>
